This is XeTeX, Version 3.141592653-2.6-0.999995 (MiKTeX 24.1) (preloaded format=xelatex 2024.6.10)  11 JUN 2024 00:22
entering extended mode
 restricted \write18 enabled.
 %&-line parsing enabled.
**./main.tex
(main.tex
LaTeX2e <2023-11-01> patch level 1
L3 programming layer <2024-01-04>
(setup.tex
(C:\Users\niji2\AppData\Local\Programs\MiKTeX\tex/latex/base\article.cls
Document Class: article 2023/05/17 v1.4n Standard LaTeX document class
(C:\Users\niji2\AppData\Local\Programs\MiKTeX\tex/latex/base\size10.clo
File: size10.clo 2023/05/17 v1.4n Standard LaTeX file (size option)
)
\c@part=\count183
\c@section=\count184
\c@subsection=\count185
\c@subsubsection=\count186
\c@paragraph=\count187
\c@subparagraph=\count188
\c@figure=\count189
\c@table=\count190
\abovecaptionskip=\skip48
\belowcaptionskip=\skip49
\bibindent=\dimen140
)
(C:\Users\niji2\AppData\Local\Programs\MiKTeX\tex/latex/extsizes\extsizes.sty
Package: extsizes 1996/10/08 v1.0 Non Standard LaTeX Package


Package ExtSizes Warning: It is better to use one of the extsizes classes,
 if you can.

(C:\Users\niji2\AppData\Local\Programs\MiKTeX\tex/latex/extsizes\size14.clo
File: size14.clo 1999/11/11 v1.4a NON-Standard LaTeX file (size option)
))
(C:\Users\niji2\AppData\Local\Programs\MiKTeX\tex/generic/babel\babel.sty
Package: babel 2024/01/07 v24.1 The Babel package
\babel@savecnt=\count191
\U@D=\dimen141
\l@unhyphenated=\language79

(C:\Users\niji2\AppData\Local\Programs\MiKTeX\tex/generic/babel\xebabel.def)
\bbl@readstream=\read2
\bbl@dirlevel=\count192

*************************************
* Local config file bblopts.cfg used
*
(C:\Users\niji2\AppData\Local\Programs\MiKTeX\tex/latex/arabi\bblopts.cfg
File: bblopts.cfg 2005/09/08 v0.1 add Arabic and Farsi to "declared" options of
 babel
)
(C:\Users\niji2\AppData\Local\Programs\MiKTeX\tex/latex/babel-english\english.l
df
Language: english 2017/06/06 v3.3r English support from the babel system
Package babel Info: Hyphen rules for 'canadian' set to \l@english
(babel)             (\language0). Reported on input line 102.
Package babel Info: Hyphen rules for 'australian' set to \l@ukenglish
(babel)             (\language73). Reported on input line 105.
Package babel Info: Hyphen rules for 'newzealand' set to \l@ukenglish
(babel)             (\language73). Reported on input line 108.
)
(C:\Users\niji2\AppData\Local\Programs\MiKTeX\tex/latex/babel-russian\russianb.
ldf
File: russianb.ldf 2021/01/10 1.3m Russian support for the Babel system
Language: russian 2020/09/09 1.3k Russian support for the Babel system
Package babel Info: Making " an active character on input line 124.
Package babel Info: Default for \cyrdash is provided on input line 163.
))
(C:\Users\niji2\AppData\Local\Programs\MiKTeX\tex/generic/babel/locale/ru\babel
-russian.tex
Package babel Info: Importing font and identification data for russian
(babel)             from babel-ru.ini. Reported on input line 11.
)
(C:\Users\niji2\AppData\Local\Programs\MiKTeX\tex/generic/babel/locale/en\babel
-english.tex
Package babel Info: Importing font and identification data for english
(babel)             from babel-en.ini. Reported on input line 11.
)
(C:\Users\niji2\AppData\Local\Programs\MiKTeX\tex/latex/graphics\graphicx.sty
Package: graphicx 2021/09/16 v1.2d Enhanced LaTeX Graphics (DPC,SPQR)

(C:\Users\niji2\AppData\Local\Programs\MiKTeX\tex/latex/graphics\keyval.sty
Package: keyval 2022/05/29 v1.15 key=value parser (DPC)
\KV@toks@=\toks17
)
(C:\Users\niji2\AppData\Local\Programs\MiKTeX\tex/latex/graphics\graphics.sty
Package: graphics 2022/03/10 v1.4e Standard LaTeX Graphics (DPC,SPQR)

(C:\Users\niji2\AppData\Local\Programs\MiKTeX\tex/latex/graphics\trig.sty
Package: trig 2021/08/11 v1.11 sin cos tan (DPC)
)
(C:\Users\niji2\AppData\Local\Programs\MiKTeX\tex/latex/graphics-cfg\graphics.c
fg
File: graphics.cfg 2016/06/04 v1.11 sample graphics configuration
)
Package graphics Info: Driver file: xetex.def on input line 107.

(C:\Users\niji2\AppData\Local\Programs\MiKTeX\tex/latex/graphics-def\xetex.def
File: xetex.def 2022/09/22 v5.0n Graphics/color driver for xetex
))
\Gin@req@height=\dimen142
\Gin@req@width=\dimen143
)
(C:\Users\niji2\AppData\Local\Programs\MiKTeX\tex/latex/fontspec\fontspec.sty
(C:\Users\niji2\AppData\Local\Programs\MiKTeX\tex/latex/l3packages/xparse\xpars
e.sty
(C:\Users\niji2\AppData\Local\Programs\MiKTeX\tex/latex/l3kernel\expl3.sty
Package: expl3 2024-01-04 L3 programming layer (loader) 

(C:\Users\niji2\AppData\Local\Programs\MiKTeX\tex/latex/l3backend\l3backend-xet
ex.def
File: l3backend-xetex.def 2024-01-04 L3 backend support: XeTeX
\g__graphics_track_int=\count193
\l__pdf_internal_box=\box51
\g__pdf_backend_object_int=\count194
\g__pdf_backend_annotation_int=\count195
\g__pdf_backend_link_int=\count196
))
Package: xparse 2023-10-10 L3 Experimental document command parser
)
Package: fontspec 2022/01/15 v2.8a Font selection for XeLaTeX and LuaLaTeX

(C:\Users\niji2\AppData\Local\Programs\MiKTeX\tex/latex/fontspec\fontspec-xetex
.sty
Package: fontspec-xetex 2022/01/15 v2.8a Font selection for XeLaTeX and LuaLaTe
X
\l__fontspec_script_int=\count197
\l__fontspec_language_int=\count198
\l__fontspec_strnum_int=\count199
\l__fontspec_tmp_int=\count266
\l__fontspec_tmpa_int=\count267
\l__fontspec_tmpb_int=\count268
\l__fontspec_tmpc_int=\count269
\l__fontspec_em_int=\count270
\l__fontspec_emdef_int=\count271
\l__fontspec_strong_int=\count272
\l__fontspec_strongdef_int=\count273
\l__fontspec_tmpa_dim=\dimen144
\l__fontspec_tmpb_dim=\dimen145
\l__fontspec_tmpc_dim=\dimen146
 (C:\Users\niji2\AppData\Local\Programs\MiKTeX\tex/latex/base\fontenc.sty
Package: fontenc 2021/04/29 v2.0v Standard LaTeX package
)
(C:\Users\niji2\AppData\Local\Programs\MiKTeX\tex/latex/fontspec\fontspec.cfg))
)

Package fontspec Info: Font family 'TimesNewRoman(0)' created for font 'Times
(fontspec)             New Roman' with options [Ligatures=TeX].
(fontspec)              
(fontspec)              This font family consists of the following NFSS
(fontspec)             series/shapes:
(fontspec)              
(fontspec)             - 'normal' (m/n) with NFSS spec.: <->"Times New
(fontspec)             Roman/OT:script=latn;language=dflt;mapping=tex-text;"
(fontspec)             - 'small caps'  (m/sc) with NFSS spec.: <->"Times New
(fontspec)             Roman/OT:script=latn;language=dflt;+smcp;mapping=tex-tex
t;"
(fontspec)             - 'bold' (b/n) with NFSS spec.: <->"Times New
(fontspec)             Roman/B/OT:script=latn;language=dflt;mapping=tex-text;"
(fontspec)             - 'bold small caps'  (b/sc) with NFSS spec.: <->"Times
(fontspec)             New
(fontspec)             Roman/B/OT:script=latn;language=dflt;+smcp;mapping=tex-t
ext;"
(fontspec)             - 'italic' (m/it) with NFSS spec.: <->"Times New
(fontspec)             Roman/I/OT:script=latn;language=dflt;mapping=tex-text;"
(fontspec)             - 'italic small caps'  (m/scit) with NFSS spec.:
(fontspec)             <->"Times New
(fontspec)             Roman/I/OT:script=latn;language=dflt;+smcp;mapping=tex-t
ext;"
(fontspec)             - 'bold italic' (b/it) with NFSS spec.: <->"Times New
(fontspec)             Roman/BI/OT:script=latn;language=dflt;mapping=tex-text;"

(fontspec)             - 'bold italic small caps'  (b/scit) with NFSS spec.:
(fontspec)             <->"Times New
(fontspec)             Roman/BI/OT:script=latn;language=dflt;+smcp;mapping=tex-
text;"

 (C:\Users\niji2\AppData\Local\Programs\MiKTeX\tex/latex/tools\indentfirst.sty
Package: indentfirst 2023/07/02 v1.03 Indent first paragraph (DPC)
) (C:\Users\niji2\AppData\Local\Programs\MiKTeX\tex/latex/geometry\geometry.sty
Package: geometry 2020/01/02 v5.9 Page Geometry
(C:\Users\niji2\AppData\Local\Programs\MiKTeX\tex/generic/iftex\ifvtex.sty
Package: ifvtex 2019/10/25 v1.7 ifvtex legacy package. Use iftex instead.

(C:\Users\niji2\AppData\Local\Programs\MiKTeX\tex/generic/iftex\iftex.sty
Package: iftex 2022/02/03 v1.0f TeX engine tests
))
\Gm@cnth=\count274
\Gm@cntv=\count275
\c@Gm@tempcnt=\count276
\Gm@bindingoffset=\dimen147
\Gm@wd@mp=\dimen148
\Gm@odd@mp=\dimen149
\Gm@even@mp=\dimen150
\Gm@layoutwidth=\dimen151
\Gm@layoutheight=\dimen152
\Gm@layouthoffset=\dimen153
\Gm@layoutvoffset=\dimen154
\Gm@dimlist=\toks18

(C:\Users\niji2\AppData\Local\Programs\MiKTeX\tex/latex/geometry\geometry.cfg))
(C:\Users\niji2\AppData\Local\Programs\MiKTeX\tex/latex/float\float.sty
Package: float 2001/11/08 v1.3d Float enhancements (AL)
\c@float@type=\count277
\float@exts=\toks19
\float@box=\box52
\@float@everytoks=\toks20
\@floatcapt=\box53
)
(C:\Users\niji2\AppData\Local\Programs\MiKTeX\tex/latex/nowidow\nowidow.sty
Package: nowidow 2011/09/20 1.0 Easily prevent widows and orphans
Package: nowidow 

(C:\Users\niji2\AppData\Local\Programs\MiKTeX\tex/latex/kvoptions\kvoptions.sty
Package: kvoptions 2022-06-15 v3.15 Key value format for package options (HO)
(C:\Users\niji2\AppData\Local\Programs\MiKTeX\tex/generic/ltxcmds\ltxcmds.sty
Package: ltxcmds 2023-12-04 v1.26 LaTeX kernel commands for general use (HO)
)
(C:\Users\niji2\AppData\Local\Programs\MiKTeX\tex/latex/kvsetkeys\kvsetkeys.sty
Package: kvsetkeys 2022-10-05 v1.19 Key value parser (HO)
))) (xltabular.sty
Package: xltabular 2020/11/04 v0.2e `xltabular' package (hv,RN)

(C:\Users\niji2\AppData\Local\Programs\MiKTeX\tex/latex/tools\tabularx.sty
Package: tabularx 2023/07/08 v2.11c `tabularx' package (DPC)

(C:\Users\niji2\AppData\Local\Programs\MiKTeX\tex/latex/tools\array.sty
Package: array 2023/10/16 v2.5g Tabular extension package (FMi)
\col@sep=\dimen155
\ar@mcellbox=\box54
\extrarowheight=\dimen156
\NC@list=\toks21
\extratabsurround=\skip50
\backup@length=\skip51
\ar@cellbox=\box55
)
\TX@col@width=\dimen157
\TX@old@table=\dimen158
\TX@old@col=\dimen159
\TX@target=\dimen160
\TX@delta=\dimen161
\TX@cols=\count278
\TX@ftn=\toks22
)
(C:\Users\niji2\AppData\Local\Programs\MiKTeX\tex/latex/ltablex\ltablex.sty
Package: ltablex 2014/08/13 v1.1 Modified tabularx

(C:\Users\niji2\AppData\Local\Programs\MiKTeX\tex/latex/tools\longtable.sty
Package: longtable 2023-11-01 v4.19 Multi-page Table package (DPC)
\LTleft=\skip52
\LTright=\skip53
\LTpre=\skip54
\LTpost=\skip55
\LTchunksize=\count279
\LTcapwidth=\dimen162
\LT@head=\box56
\LT@firsthead=\box57
\LT@foot=\box58
\LT@lastfoot=\box59
\LT@gbox=\box60
\LT@cols=\count280
\LT@rows=\count281
\c@LT@tables=\count282
\c@LT@chunks=\count283
\LT@p@ftn=\toks23
)))
(C:\Users\niji2\AppData\Local\Programs\MiKTeX\tex/latex/makecell\makecell.sty
Package: makecell 2009/08/03 V0.1e Managing of Tab Column Heads and Cells
\rotheadsize=\dimen163
\c@nlinenum=\count284
\TeXr@lab=\toks24
)

Package array Warning: Redefining primitive column r on input line 44.

(C:\Users\niji2\AppData\Local\Programs\MiKTeX\tex/latex/etoolbox\etoolbox.sty
Package: etoolbox 2020/10/05 v2.5k e-TeX tools for LaTeX (JAW)
\etb@tempcnta=\count285
)
(C:\Users\niji2\AppData\Local\Programs\MiKTeX\tex/latex/totcount\totcount.sty
Package: totcount 2011/01/25 v1.2 package for gettingthe total value of LaTeX c
ounters
)
\c@tablecnt=\count286
\c@tablecnt@totc=\count287
\c@figurecnt=\count288
\c@figurecnt@totc=\count289
\c@bibcnt=\count290
\c@bibcnt@totc=\count291
\c@imglistcnt=\count292
\c@imglistcnt@totc=\count293

(C:\Users\niji2\AppData\Local\Programs\MiKTeX\tex/latex/caption\caption.sty
Package: caption 2023/08/05 v3.6o Customizing captions (AR)

(C:\Users\niji2\AppData\Local\Programs\MiKTeX\tex/latex/caption\caption3.sty
Package: caption3 2023/07/31 v2.4d caption3 kernel (AR)
\caption@tempdima=\dimen164
\captionmargin=\dimen165
\caption@leftmargin=\dimen166
\caption@rightmargin=\dimen167
\caption@width=\dimen168
\caption@indent=\dimen169
\caption@parindent=\dimen170
\caption@hangindent=\dimen171
Package caption Info: Standard document class detected.
)
\c@caption@flags=\count294
\c@continuedfloat=\count295
Package caption Info: float package is loaded.
Package caption Info: longtable package is loaded.

(C:\Users\niji2\AppData\Local\Programs\MiKTeX\tex/latex/caption\ltcaption.sty
Package: ltcaption 2021/01/08 v1.4c longtable captions (AR)
)) (C:\Users\niji2\AppData\Local\Programs\MiKTeX\tex/latex/titlesec\titlesec.st
y
Package: titlesec 2023/10/27 v2.16 Sectioning titles
\ttl@box=\box61
\beforetitleunit=\skip56
\aftertitleunit=\skip57
\ttl@plus=\dimen172
\ttl@minus=\dimen173
\ttl@toksa=\toks25
\titlewidth=\dimen174
\titlewidthlast=\dimen175
\titlewidthfirst=\dimen176
) (C:\Users\niji2\AppData\Local\Programs\MiKTeX\tex/latex/enumitem\enumitem.sty
Package: enumitem 2019/06/20 v3.9 Customized lists
\labelindent=\skip58
\enit@outerparindent=\dimen177
\enit@toks=\toks26
\enit@inbox=\box62
\enit@count@id=\count296
\enitdp@description=\count297
) (C:\Users\niji2\AppData\Local\Programs\MiKTeX\tex/latex/tocloft\tocloft.sty
Package: tocloft 2017/08/31 v2.3i parameterised ToC, etc., typesetting
Package tocloft Info: The document has section divisions on input line 51.
\cftparskip=\skip59
\cftbeforetoctitleskip=\skip60
\cftaftertoctitleskip=\skip61
\cftbeforepartskip=\skip62
\cftpartnumwidth=\skip63
\cftpartindent=\skip64
\cftbeforesecskip=\skip65
\cftsecindent=\skip66
\cftsecnumwidth=\skip67
\cftbeforesubsecskip=\skip68
\cftsubsecindent=\skip69
\cftsubsecnumwidth=\skip70
\cftbeforesubsubsecskip=\skip71
\cftsubsubsecindent=\skip72
\cftsubsubsecnumwidth=\skip73
\cftbeforeparaskip=\skip74
\cftparaindent=\skip75
\cftparanumwidth=\skip76
\cftbeforesubparaskip=\skip77
\cftsubparaindent=\skip78
\cftsubparanumwidth=\skip79
\cftbeforeloftitleskip=\skip80
\cftafterloftitleskip=\skip81
\cftbeforefigskip=\skip82
\cftfigindent=\skip83
\cftfignumwidth=\skip84
\c@lofdepth=\count298
\c@lotdepth=\count299
\cftbeforelottitleskip=\skip85
\cftafterlottitleskip=\skip86
\cftbeforetabskip=\skip87
\cfttabindent=\skip88
\cfttabnumwidth=\skip89
)
\saved@arstrutbox=\box63
\c@page@totc=\count300

(C:\Users\niji2\AppData\Local\Programs\MiKTeX\tex/latex/hyperref\hyperref.sty
Package: hyperref 2023-11-26 v7.01g Hypertext links for LaTeX

(C:\Users\niji2\AppData\Local\Programs\MiKTeX\tex/generic/infwarerr\infwarerr.s
ty
Package: infwarerr 2019/12/03 v1.5 Providing info/warning/error messages (HO)
)
(C:\Users\niji2\AppData\Local\Programs\MiKTeX\tex/generic/kvdefinekeys\kvdefine
keys.sty
Package: kvdefinekeys 2019-12-19 v1.6 Define keys (HO)
)
(C:\Users\niji2\AppData\Local\Programs\MiKTeX\tex/generic/pdfescape\pdfescape.s
ty
Package: pdfescape 2019/12/09 v1.15 Implements pdfTeX's escape features (HO)

(C:\Users\niji2\AppData\Local\Programs\MiKTeX\tex/generic/pdftexcmds\pdftexcmds
.sty
Package: pdftexcmds 2020-06-27 v0.33 Utility functions of pdfTeX for LuaTeX (HO
)
Package pdftexcmds Info: \pdf@primitive is available.
Package pdftexcmds Info: \pdf@ifprimitive is available.
Package pdftexcmds Info: \pdfdraftmode not found.
))
(C:\Users\niji2\AppData\Local\Programs\MiKTeX\tex/latex/hycolor\hycolor.sty
Package: hycolor 2020-01-27 v1.10 Color options for hyperref/bookmark (HO)
)
(C:\Users\niji2\AppData\Local\Programs\MiKTeX\tex/latex/letltxmacro\letltxmacro
.sty
Package: letltxmacro 2019/12/03 v1.6 Let assignment for LaTeX macros (HO)
)
(C:\Users\niji2\AppData\Local\Programs\MiKTeX\tex/latex/auxhook\auxhook.sty
Package: auxhook 2019-12-17 v1.6 Hooks for auxiliary files (HO)
)
(C:\Users\niji2\AppData\Local\Programs\MiKTeX\tex/latex/hyperref\nameref.sty
Package: nameref 2023-11-26 v2.56 Cross-referencing by name of section

(C:\Users\niji2\AppData\Local\Programs\MiKTeX\tex/latex/refcount\refcount.sty
Package: refcount 2019/12/15 v3.6 Data extraction from label references (HO)
)
(C:\Users\niji2\AppData\Local\Programs\MiKTeX\tex/generic/gettitlestring\gettit
lestring.sty
Package: gettitlestring 2019/12/15 v1.6 Cleanup title references (HO)
)
\c@section@level=\count301
)
\@linkdim=\dimen178
\Hy@linkcounter=\count302
\Hy@pagecounter=\count303

(C:\Users\niji2\AppData\Local\Programs\MiKTeX\tex/latex/hyperref\pd1enc.def
File: pd1enc.def 2023-11-26 v7.01g Hyperref: PDFDocEncoding definition (HO)
)
(C:\Users\niji2\AppData\Local\Programs\MiKTeX\tex/generic/intcalc\intcalc.sty
Package: intcalc 2019/12/15 v1.3 Expandable calculations with integers (HO)
)
\Hy@SavedSpaceFactor=\count304

(C:\Users\niji2\AppData\Local\Programs\MiKTeX\tex/latex/hyperref\puenc.def
File: puenc.def 2023-11-26 v7.01g Hyperref: PDF Unicode definition (HO)
)
Package hyperref Info: Option `unicode' set `true' on input line 3167.
Package hyperref Info: Hyper figures OFF on input line 4181.
Package hyperref Info: Link nesting OFF on input line 4186.
Package hyperref Info: Hyper index ON on input line 4189.
Package hyperref Info: Plain pages OFF on input line 4196.
Package hyperref Info: Backreferencing OFF on input line 4201.
Package hyperref Info: Implicit mode ON; LaTeX internals redefined.
Package hyperref Info: Bookmarks ON on input line 4448.
\c@Hy@tempcnt=\count305

(C:\Users\niji2\AppData\Local\Programs\MiKTeX\tex/latex/url\url.sty
\Urlmuskip=\muskip16
Package: url 2013/09/16  ver 3.4  Verb mode for urls, etc.
)
LaTeX Info: Redefining \url on input line 4786.
\XeTeXLinkMargin=\dimen179

(C:\Users\niji2\AppData\Local\Programs\MiKTeX\tex/generic/bitset\bitset.sty
Package: bitset 2019/12/09 v1.3 Handle bit-vector datatype (HO)

(C:\Users\niji2\AppData\Local\Programs\MiKTeX\tex/generic/bigintcalc\bigintcalc
.sty
Package: bigintcalc 2019/12/15 v1.5 Expandable calculations on big integers (HO
)
))
\Fld@menulength=\count306
\Field@Width=\dimen180
\Fld@charsize=\dimen181
Package hyperref Info: Hyper figures OFF on input line 6065.
Package hyperref Info: Link nesting OFF on input line 6070.
Package hyperref Info: Hyper index ON on input line 6073.
Package hyperref Info: backreferencing OFF on input line 6080.
Package hyperref Info: Link coloring OFF on input line 6085.
Package hyperref Info: Link coloring with OCG OFF on input line 6090.
Package hyperref Info: PDF/A mode OFF on input line 6095.

(C:\Users\niji2\AppData\Local\Programs\MiKTeX\tex/latex/base\atbegshi-ltx.sty
Package: atbegshi-ltx 2021/01/10 v1.0c Emulation of the original atbegshi
package with kernel methods
)
\Hy@abspage=\count307
\c@Item=\count308
\c@Hfootnote=\count309
)
Package hyperref Info: Driver (autodetected): hxetex.
(C:\Users\niji2\AppData\Local\Programs\MiKTeX\tex/latex/hyperref\hxetex.def
File: hxetex.def 2023-11-26 v7.01g Hyperref driver for XeTeX

(C:\Users\niji2\AppData\Local\Programs\MiKTeX\tex/generic/stringenc\stringenc.s
ty
Package: stringenc 2019/11/29 v1.12 Convert strings between diff. encodings (HO
)
)
\pdfm@box=\box64
\c@Hy@AnnotLevel=\count310
\HyField@AnnotCount=\count311
\Fld@listcount=\count312
\c@bookmark@seq@number=\count313

(C:\Users\niji2\AppData\Local\Programs\MiKTeX\tex/latex/rerunfilecheck\rerunfil
echeck.sty
Package: rerunfilecheck 2022-07-10 v1.10 Rerun checks for auxiliary files (HO)

(C:\Users\niji2\AppData\Local\Programs\MiKTeX\tex/latex/base\atveryend-ltx.sty
Package: atveryend-ltx 2020/08/19 v1.0a Emulation of the original atveryend pac
kage
with kernel methods
)
(C:\Users\niji2\AppData\Local\Programs\MiKTeX\tex/generic/uniquecounter\uniquec
ounter.sty
Package: uniquecounter 2019/12/15 v1.4 Provide unlimited unique counter (HO)
)
Package uniquecounter Info: New unique counter `rerunfilecheck' on input line 2
85.
)
\Hy@SectionHShift=\skip90
)
(C:\Users\niji2\AppData\Local\Programs\MiKTeX\tex/latex/graphics\color.sty
Package: color 2022/01/06 v1.3d Standard LaTeX Color (DPC)

(C:\Users\niji2\AppData\Local\Programs\MiKTeX\tex/latex/graphics-cfg\color.cfg
File: color.cfg 2016/01/02 v1.6 sample color configuration
)
Package color Info: Driver file: xetex.def on input line 149.
(C:\Users\niji2\AppData\Local\Programs\MiKTeX\tex/latex/graphics\mathcolor.ltx)
) (C:\Users\niji2\AppData\Local\Programs\MiKTeX\tex/latex/listings\listings.sty
\lst@mode=\count314
\lst@gtempboxa=\box65
\lst@token=\toks27
\lst@length=\count315
\lst@currlwidth=\dimen182
\lst@column=\count316
\lst@pos=\count317
\lst@lostspace=\dimen183
\lst@width=\dimen184
\lst@newlines=\count318
\lst@lineno=\count319
\lst@maxwidth=\dimen185
(C:\Users\niji2\AppData\Local\Programs\MiKTeX\tex/latex/listings\lstmisc.sty
File: lstmisc.sty 2023/02/27 1.9 (Carsten Heinz)
\c@lstnumber=\count320
\lst@skipnumbers=\count321
\lst@framebox=\box66
)
(C:\Users\niji2\AppData\Local\Programs\MiKTeX\tex/latex/listings\listings.cfg
File: listings.cfg 2023/02/27 1.9 listings configuration
))
Package: listings 2023/02/27 1.9 (Carsten Heinz)

Package fontspec Info: Font family 'dejavu-sans-mono.ttf(0)' created for font
(fontspec)             'dejavu-sans-mono.ttf' with options
(fontspec)             [WordSpace={1,0,0},HyphenChar=None,PunctuationSpace=Word
Space,Scale=0.7].
(fontspec)              
(fontspec)              This font family consists of the following NFSS
(fontspec)             series/shapes:
(fontspec)              
(fontspec)             - 'normal' (m/n) with NFSS spec.:
(fontspec)             <->s*[0.7]"[dejavu-sans-mono.ttf]/OT:script=latn;languag
e=dflt;"
(fontspec)             - 'small caps'  (m/sc) with NFSS spec.: 
(fontspec)             and font adjustment code:
(fontspec)             \fontdimen 2\font =1\fontdimen 2\font \fontdimen 3\font
(fontspec)             =0\fontdimen 3\font \fontdimen 4\font =0\fontdimen
(fontspec)             4\font \fontdimen 7\font =0\fontdimen 2\font
(fontspec)             \tex_hyphenchar:D \font =-1\scan_stop: 

(C:\Users\niji2\AppData\Local\Programs\MiKTeX\tex/latex/listings\lstlang1.sty
File: lstlang1.sty 2023/02/27 1.9 listings language file
)
(C:\Users\niji2\AppData\Local\Programs\MiKTeX\tex/latex/listings\lstmisc.sty
File: lstmisc.sty 2023/02/27 1.9 (Carsten Heinz)
))
(C:\Users\niji2\AppData\Local\Programs\MiKTeX\tex/latex/adjustbox\adjustbox.sty
Package: adjustbox 2022/10/17 v1.3a Adjusting TeX boxes (trim, clip, ...)
(C:\Users\niji2\AppData\Local\Programs\MiKTeX\tex/latex/xkeyval\xkeyval.sty
Package: xkeyval 2022/06/16 v2.9 package option processing (HA)

(C:\Users\niji2\AppData\Local\Programs\MiKTeX\tex/generic/xkeyval\xkeyval.tex
(C:\Users\niji2\AppData\Local\Programs\MiKTeX\tex/generic/xkeyval\xkvutils.tex
\XKV@toks=\toks28
\XKV@tempa@toks=\toks29
)
\XKV@depth=\count322
File: xkeyval.tex 2014/12/03 v2.7a key=value parser (HA)
))
(C:\Users\niji2\AppData\Local\Programs\MiKTeX\tex/latex/adjustbox\adjcalc.sty
Package: adjcalc 2012/05/16 v1.1 Provides advanced setlength with multiple back
-ends (calc, etex, pgfmath)
)
(C:\Users\niji2\AppData\Local\Programs\MiKTeX\tex/latex/adjustbox\trimclip.sty
Package: trimclip 2020/08/19 v1.2 Trim and clip general TeX material

(C:\Users\niji2\AppData\Local\Programs\MiKTeX\tex/latex/collectbox\collectbox.s
ty
Package: collectbox 2022/10/17 v0.4c Collect macro arguments as boxes
\collectedbox=\box67
)
\tc@llx=\dimen186
\tc@lly=\dimen187
\tc@urx=\dimen188
\tc@ury=\dimen189
Package trimclip Info: Using driver 'tc-xetex.def'.

(C:\Users\niji2\AppData\Local\Programs\MiKTeX\tex/latex/adjustbox\tc-xetex.def
File: tc-xetex.def 2019/01/04 v2.2 Clipping driver for xetex
))
\adjbox@Width=\dimen190
\adjbox@Height=\dimen191
\adjbox@Depth=\dimen192
\adjbox@Totalheight=\dimen193
\adjbox@pwidth=\dimen194
\adjbox@pheight=\dimen195
\adjbox@pdepth=\dimen196
\adjbox@ptotalheight=\dimen197

(C:\Users\niji2\AppData\Local\Programs\MiKTeX\tex/latex/ifoddpage\ifoddpage.sty
Package: ifoddpage 2022/10/18 v1.2 Conditionals for odd/even page detection
\c@checkoddpage=\count323
) (C:\Users\niji2\AppData\Local\Programs\MiKTeX\tex/latex/varwidth\varwidth.sty
Package: varwidth 2009/03/30 ver 0.92;  Variable-width minipages
\@vwid@box=\box68
\sift@deathcycles=\count324
\@vwid@loff=\dimen198
\@vwid@roff=\dimen199
)) (main.aux)
\openout1 = `main.aux'.

LaTeX Font Info:    Checking defaults for OML/cmm/m/it on input line 16.
LaTeX Font Info:    ... okay on input line 16.
LaTeX Font Info:    Checking defaults for OMS/cmsy/m/n on input line 16.
LaTeX Font Info:    ... okay on input line 16.
LaTeX Font Info:    Checking defaults for OT1/cmr/m/n on input line 16.
LaTeX Font Info:    ... okay on input line 16.
LaTeX Font Info:    Checking defaults for T1/cmr/m/n on input line 16.
LaTeX Font Info:    ... okay on input line 16.
LaTeX Font Info:    Checking defaults for TS1/cmr/m/n on input line 16.
LaTeX Font Info:    Trying to load font information for TS1+cmr on input line 1
6.

(C:\Users\niji2\AppData\Local\Programs\MiKTeX\tex/latex/base\ts1cmr.fd
File: ts1cmr.fd 2023/04/13 v2.5m Standard LaTeX font definitions
)
LaTeX Font Info:    ... okay on input line 16.
LaTeX Font Info:    Checking defaults for TU/lmr/m/n on input line 16.
LaTeX Font Info:    ... okay on input line 16.
LaTeX Font Info:    Checking defaults for OMX/cmex/m/n on input line 16.
LaTeX Font Info:    ... okay on input line 16.
LaTeX Font Info:    Checking defaults for U/cmr/m/n on input line 16.
LaTeX Font Info:    ... okay on input line 16.
LaTeX Font Info:    Checking defaults for PD1/pdf/m/n on input line 16.
LaTeX Font Info:    ... okay on input line 16.
LaTeX Font Info:    Checking defaults for PU/pdf/m/n on input line 16.
LaTeX Font Info:    ... okay on input line 16.
LaTeX Info: Redefining \th on input line 16.

Package fontspec Info: Adjusting the maths setup (use [no-math] to avoid
(fontspec)             this).

\symlegacymaths=\mathgroup4
LaTeX Font Info:    Overwriting symbol font `legacymaths' in version `bold'
(Font)                  OT1/cmr/m/n --> OT1/cmr/bx/n on input line 16.
LaTeX Font Info:    Redeclaring math accent \acute on input line 16.
LaTeX Font Info:    Redeclaring math accent \grave on input line 16.
LaTeX Font Info:    Redeclaring math accent \ddot on input line 16.
LaTeX Font Info:    Redeclaring math accent \tilde on input line 16.
LaTeX Font Info:    Redeclaring math accent \bar on input line 16.
LaTeX Font Info:    Redeclaring math accent \breve on input line 16.
LaTeX Font Info:    Redeclaring math accent \check on input line 16.
LaTeX Font Info:    Redeclaring math accent \hat on input line 16.
LaTeX Font Info:    Redeclaring math accent \dot on input line 16.
LaTeX Font Info:    Redeclaring math accent \mathring on input line 16.
LaTeX Font Info:    Redeclaring math symbol \colon on input line 16.
LaTeX Font Info:    Redeclaring math symbol \Gamma on input line 16.
LaTeX Font Info:    Redeclaring math symbol \Delta on input line 16.
LaTeX Font Info:    Redeclaring math symbol \Theta on input line 16.
LaTeX Font Info:    Redeclaring math symbol \Lambda on input line 16.
LaTeX Font Info:    Redeclaring math symbol \Xi on input line 16.
LaTeX Font Info:    Redeclaring math symbol \Pi on input line 16.
LaTeX Font Info:    Redeclaring math symbol \Sigma on input line 16.
LaTeX Font Info:    Redeclaring math symbol \Upsilon on input line 16.
LaTeX Font Info:    Redeclaring math symbol \Phi on input line 16.
LaTeX Font Info:    Redeclaring math symbol \Psi on input line 16.
LaTeX Font Info:    Redeclaring math symbol \Omega on input line 16.
LaTeX Font Info:    Redeclaring math symbol \mathdollar on input line 16.
LaTeX Font Info:    Redeclaring symbol font `operators' on input line 16.
LaTeX Font Info:    Encoding `OT1' has changed to `TU' for symbol font
(Font)              `operators' in the math version `normal' on input line 16.
LaTeX Font Info:    Overwriting symbol font `operators' in version `normal'
(Font)                  OT1/cmr/m/n --> TU/TimesNewRoman(0)/m/n on input line 1
6.
LaTeX Font Info:    Encoding `OT1' has changed to `TU' for symbol font
(Font)              `operators' in the math version `bold' on input line 16.
LaTeX Font Info:    Overwriting symbol font `operators' in version `bold'
(Font)                  OT1/cmr/bx/n --> TU/TimesNewRoman(0)/m/n on input line 
16.
LaTeX Font Info:    Overwriting symbol font `operators' in version `normal'
(Font)                  TU/TimesNewRoman(0)/m/n --> TU/TimesNewRoman(0)/m/n on 
input line 16.
LaTeX Font Info:    Overwriting math alphabet `\mathit' in version `normal'
(Font)                  OT1/cmr/m/it --> TU/TimesNewRoman(0)/m/it on input line
 16.
LaTeX Font Info:    Overwriting math alphabet `\mathbf' in version `normal'
(Font)                  OT1/cmr/bx/n --> TU/TimesNewRoman(0)/b/n on input line 
16.
LaTeX Font Info:    Overwriting math alphabet `\mathsf' in version `normal'
(Font)                  OT1/cmss/m/n --> TU/lmss/m/n on input line 16.
LaTeX Font Info:    Overwriting math alphabet `\mathtt' in version `normal'
(Font)                  OT1/cmtt/m/n --> TU/dejavu-sans-mono.ttf(0)/m/n on inpu
t line 16.
LaTeX Font Info:    Overwriting symbol font `operators' in version `bold'
(Font)                  TU/TimesNewRoman(0)/m/n --> TU/TimesNewRoman(0)/b/n on 
input line 16.
LaTeX Font Info:    Overwriting math alphabet `\mathit' in version `bold'
(Font)                  OT1/cmr/bx/it --> TU/TimesNewRoman(0)/b/it on input lin
e 16.
LaTeX Font Info:    Overwriting math alphabet `\mathsf' in version `bold'
(Font)                  OT1/cmss/bx/n --> TU/lmss/b/n on input line 16.
LaTeX Font Info:    Overwriting math alphabet `\mathtt' in version `bold'
(Font)                  OT1/cmtt/m/n --> TU/dejavu-sans-mono.ttf(0)/b/n on inpu
t line 16.

*geometry* driver: auto-detecting
*geometry* detected driver: xetex
*geometry* verbose mode - [ preamble ] result:
* driver: xetex
* paper: a4paper
* layout: <same size as paper>
* layoutoffset:(h,v)=(0.0pt,0.0pt)
* modes: 
* h-part:(L,W,R)=(85.35826pt, 469.47049pt, 42.67912pt)
* v-part:(T,H,B)=(56.9055pt, 731.23584pt, 56.9055pt)
* \paperwidth=597.50787pt
* \paperheight=845.04684pt
* \textwidth=469.47049pt
* \textheight=731.23584pt
* \oddsidemargin=13.08827pt
* \evensidemargin=13.08827pt
* \topmargin=-54.36449pt
* \headheight=14.0pt
* \headsep=25.0pt
* \topskip=14.0pt
* \footskip=30.0pt
* \marginparwidth=15.0pt
* \marginparsep=10.0pt
* \columnsep=10.0pt
* \skip\footins=12.0pt plus 4.0pt minus 2.0pt
* \hoffset=0.0pt
* \voffset=0.0pt
* \mag=1000
* \@twocolumnfalse
* \@twosidefalse
* \@mparswitchfalse
* \@reversemarginfalse
* (1in=72.27pt=25.4mm, 1cm=28.453pt)

Package caption Info: Begin \AtBeginDocument code.
Package caption Info: hyperref package is loaded.
Package caption Info: listings package is loaded.
Package caption Info: End \AtBeginDocument code.
Package hyperref Info: Link coloring OFF on input line 16.
(main.out) (main.out)
\@outlinefile=\write3
\openout3 = `main.out'.

\c@lstlisting=\count325
 (ТитульныйЛист.tex
LaTeX Font Info:    External font `cmex10' loaded for size
(Font)              <14.4> on input line 27.
LaTeX Font Info:    External font `cmex10' loaded for size
(Font)              <7> on input line 27.

Overfull \hbox (4.70218pt too wide) in paragraph at lines 27--50
[]
 []


Overfull \hbox (4.70218pt too wide) in paragraph at lines 27--50
[] 
 []

) (ЛистЗадания.tex [1

]
Underfull \hbox (badness 1297) in paragraph at lines 47--48
[]\TU/TimesNewRoman(0)/m/n/14.4 4) провести тестирование модуля межпользователь
ского взаимодействия
 []

[2

]) (Реферат.tex
Underfull \hbox (badness 10000) in paragraph at lines 67--1
[][]
 []


Underfull \hbox (badness 10000) in paragraph at lines 67--1

 []

[3]
\c=\count326
\last=\count327
\pnul=\count328
\c=\count329
\last=\count330
\pnul=\count331
\c=\count332
\last=\count333
\pnul=\count334
\c=\count335
\last=\count336
\pnul=\count337
\c=\count338
\last=\count339
\pnul=\count340

Underfull \hbox (badness 1038) in paragraph at lines 17--18
[]\TU/TimesNewRoman(0)/m/n/14.4 Данная программно-информационная система находи
тся на стадии
 []

[4

]
\c=\count341
\last=\count342
\pnul=\count343
\c=\count344
\last=\count345
\pnul=\count346
\c=\count347
\last=\count348
\pnul=\count349
\c=\count350
\last=\count351
\pnul=\count352
\c=\count353
\last=\count354
\pnul=\count355
) (Содержание.tex [5] (main.toc
Overfull \hbox (7.2pt too wide) detected at line 6
\TU/TimesNewRoman(0)/m/n/14.4 1 
 []


Overfull \hbox (7.2pt too wide) detected at line 7
\TU/TimesNewRoman(0)/m/n/14.4 2 
 []


Overfull \hbox (18.0pt too wide) detected at line 8
\TU/TimesNewRoman(0)/m/n/14.4 2.1 
 []


Overfull \hbox (18.0pt too wide) detected at line 9
\TU/TimesNewRoman(0)/m/n/14.4 2.2 
 []


Overfull \hbox (18.0pt too wide) detected at line 10
\TU/TimesNewRoman(0)/m/n/14.4 2.3 
 []


Overfull \hbox (28.79999pt too wide) detected at line 11
\TU/TimesNewRoman(0)/m/n/14.4 2.3.1 
 []


Overfull \hbox (28.79999pt too wide) detected at line 12
\TU/TimesNewRoman(0)/m/n/14.4 2.3.2 
 []


Overfull \hbox (39.59999pt too wide) detected at line 13
\TU/TimesNewRoman(0)/m/n/14.4 2.3.2.1 
 []


Overfull \hbox (39.59999pt too wide) detected at line 14
\TU/TimesNewRoman(0)/m/n/14.4 2.3.2.2 
 []


Overfull \hbox (39.59999pt too wide) detected at line 15
\TU/TimesNewRoman(0)/m/n/14.4 2.3.2.3 
 []


Overfull \hbox (39.59999pt too wide) detected at line 16
\TU/TimesNewRoman(0)/m/n/14.4 2.3.2.4 
 []


Overfull \hbox (28.79999pt too wide) detected at line 17
\TU/TimesNewRoman(0)/m/n/14.4 2.3.3 
 []


Overfull \hbox (39.59999pt too wide) detected at line 18
\TU/TimesNewRoman(0)/m/n/14.4 2.3.3.1 
 []


Overfull \hbox (39.59999pt too wide) detected at line 19
\TU/TimesNewRoman(0)/m/n/14.4 2.3.3.2 
 []


Overfull \hbox (39.59999pt too wide) detected at line 20
\TU/TimesNewRoman(0)/m/n/14.4 2.3.3.3 
 []


Overfull \hbox (18.0pt too wide) detected at line 21
\TU/TimesNewRoman(0)/m/n/14.4 2.4 
 []


Overfull \hbox (7.2pt too wide) detected at line 22
\TU/TimesNewRoman(0)/m/n/14.4 3 
 []


Overfull \hbox (18.0pt too wide) detected at line 23
\TU/TimesNewRoman(0)/m/n/14.4 3.1 
 []


Overfull \hbox (18.0pt too wide) detected at line 24
\TU/TimesNewRoman(0)/m/n/14.4 3.2 
 []


Overfull \hbox (28.79999pt too wide) detected at line 25
\TU/TimesNewRoman(0)/m/n/14.4 3.2.1 
 []


Overfull \hbox (28.79999pt too wide) detected at line 26
\TU/TimesNewRoman(0)/m/n/14.4 3.2.2 
 []


Overfull \hbox (28.79999pt too wide) detected at line 27
\TU/TimesNewRoman(0)/m/n/14.4 3.2.3 
 []


Overfull \hbox (28.79999pt too wide) detected at line 28
\TU/TimesNewRoman(0)/m/n/14.4 3.2.4 
 []


Overfull \hbox (28.79999pt too wide) detected at line 29
\TU/TimesNewRoman(0)/m/n/14.4 3.2.5 
 []

[6

]
Overfull \hbox (28.79999pt too wide) detected at line 30
\TU/TimesNewRoman(0)/m/n/14.4 3.2.6 
 []


Overfull \hbox (28.79999pt too wide) detected at line 31
\TU/TimesNewRoman(0)/m/n/14.4 3.2.7 
 []


Overfull \hbox (18.0pt too wide) detected at line 32
\TU/TimesNewRoman(0)/m/n/14.4 3.3 
 []


Overfull \hbox (18.0pt too wide) detected at line 33
\TU/TimesNewRoman(0)/m/n/14.4 3.4 
 []


Overfull \hbox (18.0pt too wide) detected at line 34
\TU/TimesNewRoman(0)/m/n/14.4 3.5 
 []


Overfull \hbox (18.0pt too wide) detected at line 35
\TU/TimesNewRoman(0)/m/n/14.4 3.6 
 []


Overfull \hbox (28.79999pt too wide) detected at line 36
\TU/TimesNewRoman(0)/m/n/14.4 3.6.1 
 []


Overfull \hbox (28.79999pt too wide) detected at line 37
\TU/TimesNewRoman(0)/m/n/14.4 3.6.2 
 []


Overfull \hbox (28.79999pt too wide) detected at line 38
\TU/TimesNewRoman(0)/m/n/14.4 3.6.3 
 []


Overfull \hbox (7.2pt too wide) detected at line 39
\TU/TimesNewRoman(0)/m/n/14.4 4 
 []


Overfull \hbox (18.0pt too wide) detected at line 40
\TU/TimesNewRoman(0)/m/n/14.4 4.1 
 []


Overfull \hbox (28.79999pt too wide) detected at line 41
\TU/TimesNewRoman(0)/m/n/14.4 4.1.1 
 []


Overfull \hbox (28.79999pt too wide) detected at line 42
\TU/TimesNewRoman(0)/m/n/14.4 4.1.2 
 []


Overfull \hbox (28.79999pt too wide) detected at line 43
\TU/TimesNewRoman(0)/m/n/14.4 4.1.3 
 []


Overfull \hbox (28.79999pt too wide) detected at line 44
\TU/TimesNewRoman(0)/m/n/14.4 4.1.4 
 []


Overfull \hbox (28.79999pt too wide) detected at line 45
\TU/TimesNewRoman(0)/m/n/14.4 4.1.5 
 []


Overfull \hbox (18.0pt too wide) detected at line 46
\TU/TimesNewRoman(0)/m/n/14.4 4.2 
 []


Overfull \hbox (28.79999pt too wide) detected at line 47
\TU/TimesNewRoman(0)/m/n/14.4 4.2.1 
 []

)
\tf@toc=\write4
\openout4 = `main.toc'.


Overfull \hbox (5.7933pt too wide) in alignment at lines 9--9
 [] [] 
 []

) (Обозначения.tex [7]) (Введение.tex [8

]
\c=\count356
\last=\count357
\pnul=\count358

Underfull \hbox (badness 1540) in paragraph at lines 15--16
[]\TU/TimesNewRoman(0)/m/it/14.4 Структура и объем работы. \TU/TimesNewRoman(0)
/m/n/14.4 Отчет состоит из введения, резюме
 []


Underfull \hbox (badness 1308) in paragraph at lines 17--18
[]\TU/TimesNewRoman(0)/m/it/14.4 Во введении \TU/TimesNewRoman(0)/m/n/14.4 цель
 работы, поставлены задачи разработки, описана
 []


Underfull \hbox (badness 7796) in paragraph at lines 19--20
[]\TU/TimesNewRoman(0)/m/it/14.4 В резюме стартап-проекта\TU/TimesNewRoman(0)/m
/n/14.4 содержится основная информация о
 []

[9

]) (РЕЗЮМЕ СТАРТАП-ПРОЕКТА.tex [10]
Underfull \hbox (badness 1552) in paragraph at lines 16--17
\TU/TimesNewRoman(0)/m/n/14.4 киваются с недостаточной поддержкой и неполной до
кументацией, что
 []

[11

] [12]) (Анализ.tex [13]
File: images/un2.eps Graphic file (type eps)
<images/un2.eps>
 [14

]
Underfull \hbox (badness 3646) in paragraph at lines 26--27
[]\TU/TimesNewRoman(0)/m/n/14.4 Ниже описана Journey Map пользователя по исполь
зованию для
 []

[15]
File: images/un1.eps Graphic file (type eps)
<images/un1.eps>
 [16] [17] [18]) (ТехЗадание.tex [19] [20

]
File: images/un3.eps Graphic file (type eps)
<images/un3.eps>
 [21] [22] [23] [24])
(ТехПроект.tex [25] [26

]
Underfull \hbox (badness 4779) in paragraph at lines 46--47
\TU/TimesNewRoman(0)/m/n/14.4 рования высокоуровневый язык программирования общ
его назначения
 []

File: images/un4.eps Graphic file (type eps)
<images/un4.eps>
[27] [28] [29]
Underfull \hbox (badness 3138) in paragraph at lines 129--130
[]\TU/TimesNewRoman(0)/m/n/14.4 Хотя библиотека поддерживает множество операцио
нных систем,
 []

[30] [31]
Underfull \hbox (badness 1337) in paragraph at lines 174--177
\TU/TimesNewRoman(0)/m/n/14.4 дополнительных библиотек или написания собственно
го кода. Заключе-
 []

[32] [33] [34]
Underfull \hbox (badness 1728) in paragraph at lines 246--250
[]\TU/TimesNewRoman(0)/m/n/14.4 JSON позволяет легко иерархически структурирова
ть данные, что
 []

[35]
Underfull \hbox (badness 1178) in paragraph at lines 260--263
\TU/TimesNewRoman(0)/m/n/14.4 Это может быть критично для высоконагруженных сис
тем. Заключение
 []


Underfull \hbox (badness 10000) in paragraph at lines 269--271
[]\TU/TimesNewRoman(0)/m/n/14.4 Основные особенности библиотеки pathlib Объектн
о-
 []

[36] [37]
File: images/un5.eps Graphic file (type eps)
<images/un5.eps>
File: images/un6.eps Graphic file (type eps)
<images/un6.eps>
 [38]
File: images/un7.eps Graphic file (type eps)
<images/un7.eps>
 [39]
Underfull \hbox (badness 1354) in paragraph at lines 368--368
| \TU/TimesNewRoman(0)/b/n/14.4 3.6 Проектирование пользовательского интерфейса
 программ-
 []

[40]) (РабочийПроект.tex [41]
Underfull \hbox (badness 10000) in paragraph at lines 21--21
[]|\TU/TimesNewRoman(0)/m/n/14.4 объект
 []


Underfull \hbox (badness 10000) in paragraph at lines 21--21
\TU/TimesNewRoman(0)/m/n/14.4 бота
 []


Underfull \hbox (badness 10000) in paragraph at lines 21--21
\TU/TimesNewRoman(0)/m/n/14.4 от биб-
 []


Underfull \hbox (badness 10000) in paragraph at lines 21--21
\TU/TimesNewRoman(0)/m/n/14.4 лиотеки
 []


Underfull \hbox (badness 2150) in paragraph at lines 24--25
[]\TU/TimesNewRoman(0)/m/n/14.4 Конфигурационный файл для хранения токена API. 
Поля модуля
 []

[42

]
Underfull \hbox (badness 10000) in paragraph at lines 49--49
[]|\TU/TimesNewRoman(0)/m/n/14.4 Директория для хранения
 []


Underfull \hbox (badness 3557) in paragraph at lines 49--49
[]|\TU/TimesNewRoman(0)/m/n/14.4 Инициализация директории
 []


Underfull \hbox (badness 1454) in paragraph at lines 49--49
\TU/TimesNewRoman(0)/m/n/14.4 буфера, если она не суще-
 []


Overfull \hbox (27.10707pt too wide) in paragraph at lines 63--63
[]|\TU/TimesNewRoman(0)/m/n/14.4 register_message_handlers| 
 []


Underfull \hbox (badness 10000) in paragraph at lines 63--63
[]|\TU/TimesNewRoman(0)/m/n/14.4 Регистрация обработчиков
 []


Overfull \hbox (8.71332pt too wide) in paragraph at lines 63--63
[]|\TU/TimesNewRoman(0)/m/n/14.4 handle_media_message| 
 []

[43]
! Misplaced \noalign.
\hline ->\noalign 
                  {\ifnum 0=`}\fi \hrule \@height \arrayrulewidth \futurelet...
l.89 \end{xltabular}
                    
I expect to see \noalign only after the \cr of
an alignment. Proceed, and I'll ignore this case.

! Misplaced \noalign.
\hline ->\noalign 
                  {\ifnum 0=`}\fi \hrule \@height \arrayrulewidth \futurelet...
l.89 \end{xltabular}
                    
I expect to see \noalign only after the \cr of
an alignment. Proceed, and I'll ignore this case.

! Extra alignment tab has been changed to \cr.
<recently read> \endtemplate 
                             
l.89 \end{xltabular}
                    
You have given more \span or & marks than there were
in the preamble to the \halign or \valign now in progress.
So I'll assume that you meant to type \cr instead.

! Misplaced \noalign.
\hline ->\noalign 
                  {\ifnum 0=`}\fi \hrule \@height \arrayrulewidth \futurelet...
l.89 \end{xltabular}
                    
I expect to see \noalign only after the \cr of
an alignment. Proceed, and I'll ignore this case.

! Misplaced \noalign.
\hline ->\noalign 
                  {\ifnum 0=`}\fi \hrule \@height \arrayrulewidth \futurelet...
l.89 \end{xltabular}
                    
I expect to see \noalign only after the \cr of
an alignment. Proceed, and I'll ignore this case.

! Extra alignment tab has been changed to \cr.
<recently read> \endtemplate 
                             
l.89 \end{xltabular}
                    
You have given more \span or & marks than there were
in the preamble to the \halign or \valign now in progress.
So I'll assume that you meant to type \cr instead.

! Misplaced \noalign.
\hline ->\noalign 
                  {\ifnum 0=`}\fi \penalty \@M \futurelet \@let@token \LT@@h...
l.89 \end{xltabular}
                    
I expect to see \noalign only after the \cr of
an alignment. Proceed, and I'll ignore this case.

! Misplaced \omit.
\multispan ->\omit 
                   \@multispan 
l.89 \end{xltabular}
                    
I expect to see \omit only after tab marks or the \cr of
an alignment. Proceed, and I'll ignore this case.

! Extra alignment tab has been changed to \cr.
<template> \endtemplate 
                        
l.89 \end{xltabular}
                    
You have given more \span or & marks than there were
in the preamble to the \halign or \valign now in progress.
So I'll assume that you meant to type \cr instead.

! Misplaced \noalign.
\hline ->\noalign 
                  {\ifnum 0=`}\fi \penalty \@M \futurelet \@let@token \LT@@h...
l.89 \end{xltabular}
                    
I expect to see \noalign only after the \cr of
an alignment. Proceed, and I'll ignore this case.

! Misplaced \omit.
\multispan ->\omit 
                   \@multispan 
l.89 \end{xltabular}
                    
I expect to see \omit only after tab marks or the \cr of
an alignment. Proceed, and I'll ignore this case.

! Extra alignment tab has been changed to \cr.
<recently read> \endtemplate 
                             
l.89 \end{xltabular}
                    
You have given more \span or & marks than there were
in the preamble to the \halign or \valign now in progress.
So I'll assume that you meant to type \cr instead.


Overfull \hbox (5.72287pt too wide) in paragraph at lines 89--89
[]|\TU/TimesNewRoman(0)/m/n/14.4 CURRENT_WEATHER-
 []


Underfull \hbox (badness 1394) in paragraph at lines 89--89
[]|\TU/TimesNewRoman(0)/m/n/14.4 API ключ для доступа к
 []


Underfull \hbox (badness 6348) in paragraph at lines 89--89
[]|\TU/TimesNewRoman(0)/m/n/14.4 Файл конфигурации для
 []


Underfull \hbox (badness 10000) in paragraph at lines 89--89
[]|\TU/TimesNewRoman(0)/m/n/14.4 Загрузка конфигурации
 []


Overfull \hbox (13.65413pt too wide) in paragraph at lines 89--89
[]|\TU/TimesNewRoman(0)/m/n/14.4 save_weather_config(data)| 
 []


Underfull \hbox (badness 10000) in paragraph at lines 89--89
[]|\TU/TimesNewRoman(0)/m/n/14.4 Сохранение конфигура-
 []


Overfull \hbox (4.8721pt too wide) in paragraph at lines 89--89
[]|\TU/TimesNewRoman(0)/m/n/14.4 format_weather_message| 
 []


Underfull \hbox (badness 3019) in paragraph at lines 89--89
[]|\TU/TimesNewRoman(0)/m/n/14.4 Форматирование сообще-
 []


Underfull \hbox (badness 10000) in paragraph at lines 89--89
[]|\TU/TimesNewRoman(0)/m/n/14.4 format_current-
 []


Underfull \hbox (badness 3019) in paragraph at lines 89--89
[]|\TU/TimesNewRoman(0)/m/n/14.4 Форматирование сообще-
 []


Underfull \hbox (badness 10000) in paragraph at lines 89--89
[]|\TU/TimesNewRoman(0)/m/n/14.4 Отправка ежедневного
 []


Underfull \hbox (badness 10000) in paragraph at lines 89--89
[]|\TU/TimesNewRoman(0)/m/n/14.4 get_and_send-
 []


Underfull \hbox (badness 10000) in paragraph at lines 89--89
[]|\TU/TimesNewRoman(0)/m/n/14.4 register_weather-
 []

[44]
File: images/om1.eps Graphic file (type eps)
<images/om1.eps>
 [45]
Overfull \vbox (31.68288pt too high) has occurred while \output is active []


[46]
File: images/om2.eps Graphic file (type eps)
<images/om2.eps>
 [47]
Overfull \vbox (31.60715pt too high) has occurred while \output is active []


[48]
File: images/om3.eps Graphic file (type eps)
<images/om3.eps>
 [49]
Overfull \vbox (31.60715pt too high) has occurred while \output is active []


[50]
File: images/om4.eps Graphic file (type eps)
<images/om4.eps>

Overfull \vbox (31.60416pt too high) has occurred while \output is active []


[51]
File: images/om5.eps Graphic file (type eps)
<images/om5.eps>
 [52]
Overfull \vbox (54.28114pt too high) has occurred while \output is active []


[53]
File: images/om6.eps Graphic file (type eps)
<images/om6.eps>
 [54]
Overfull \vbox (31.61356pt too high) has occurred while \output is active []


[55]
File: images/om7.eps Graphic file (type eps)
<images/om7.eps>
 [56]
Overfull \vbox (31.40565pt too high) has occurred while \output is active []


[57]
File: images/om8.eps Graphic file (type eps)
<images/om8.eps>

Overfull \vbox (31.38123pt too high) has occurred while \output is active []


[58]
File: images/om9.eps Graphic file (type eps)
<images/om9.eps>
 [59]
Overfull \vbox (31.63068pt too high) has occurred while \output is active []


[60]
File: images/om10.eps Graphic file (type eps)
<images/om10.eps>

Overfull \vbox (31.66243pt too high) has occurred while \output is active []


[61]
File: images/om11.eps Graphic file (type eps)
<images/om11.eps>

Overfull \vbox (31.41618pt too high) has occurred while \output is active []


[62]
File: images/om12.eps Graphic file (type eps)
<images/om12.eps>
 [63]
Overfull \vbox (31.62283pt too high) has occurred while \output is active []


[64]
File: images/om13.eps Graphic file (type eps)
<images/om13.eps>

Overfull \vbox (31.64651pt too high) has occurred while \output is active []


[65]
File: images/om14.eps Graphic file (type eps)
<images/om14.eps>

Overfull \vbox (31.67284pt too high) has occurred while \output is active []


[66]
File: images/om15.eps Graphic file (type eps)
<images/om15.eps>

Underfull \hbox (badness 2229) in paragraph at lines 200--206
[]\TU/TimesNewRoman(0)/m/n/14.4 Пользователь собирается отправить сообщение сод
ержащие ссыл-
 []

[67]
Overfull \vbox (31.6008pt too high) has occurred while \output is active []


[68]
File: images/om16.eps Graphic file (type eps)
<images/om16.eps>

Overfull \vbox (31.65268pt too high) has occurred while \output is active []


[69]
File: images/om17.eps Graphic file (type eps)
<images/om17.eps>

Overfull \vbox (31.66635pt too high) has occurred while \output is active []


[70]
File: images/om18.eps Graphic file (type eps)
<images/om18.eps>
 [71]
Overfull \vbox (31.60715pt too high) has occurred while \output is active []


[72]
File: images/om19.eps Graphic file (type eps)
<images/om19.eps>

Overfull \vbox (31.67552pt too high) has occurred while \output is active []


[73]
File: images/om20.eps Graphic file (type eps)
<images/om20.eps>

Overfull \vbox (31.67552pt too high) has occurred while \output is active []


[74]) (Заключение.tex [75

]) (СписокИсточников.tex [76]
Underfull \hbox (badness 2237) in paragraph at lines 19--20
[]\TU/TimesNewRoman(0)/m/n/14.4 Соколов А.К., ”Использование Telegram API для с
оздания чат-
 []


Underfull \hbox (badness 2237) in paragraph at lines 23--24
[]\TU/TimesNewRoman(0)/m/n/14.4 Белов Д.М., ”Применение машинного обучения для 
улучшения
 []

[77

]
Underfull \hbox (badness 10000) in paragraph at lines 56--57
[]\TU/TimesNewRoman(0)/m/n/14.4 Вишняков Ю.М., Кодачигов В.И., Родзин С.И. Учеб
но–
 []

[78] [79]) (Плакаты.tex [80]

Package hyperref Warning: Token not allowed in a PDF string (Unicode):
(hyperref)                removing `\\' on input line 2.

File: images/ama1.eps Graphic file (type eps)
<images/ama1.eps>
[81

]
File: images/ama2.eps Graphic file (type eps)
<images/ama2.eps>
 [82]
File: images/ama3.eps Graphic file (type eps)
<images/ama3.eps>
 [83]
File: images/ama4.eps Graphic file (type eps)
<images/ama4.eps>
 [84]
File: images/ama5.eps Graphic file (type eps)
<images/ama5.eps>
 [85]
File: images/ama6.eps Graphic file (type eps)
<images/ama6.eps>
 [86]
File: images/ama7.eps Graphic file (type eps)
<images/ama7.eps>
) (Код.tex [87] [88]

Package hyperref Warning: Token not allowed in a PDF string (Unicode):
(hyperref)                removing `\\' on input line 2.

(C:\Users\niji2\AppData\Local\Programs\MiKTeX\tex/latex/listings\lstlang1.sty
File: lstlang1.sty 2023/02/27 1.9 listings language file
)
Package hyperref Info: bookmark level for unknown lstlisting defaults to 0 on i
nput line 5.
LaTeX Font Info:    Font shape `TU/dejavu-sans-mono.ttf(0)/m/n' will be
(Font)              scaled to size 10.07994pt on input line 5.

(bot_main.py) (filter.py [89

]) (file_buffer.py) [90] (message_handlers.py)
(weather_handler.py [91] [92] [93]) (command_handlers.py [94] [95] [96]
[97] [98] [99] [100]) (data_handler.py [101]) (config.py) [102]) [103

]
(main.aux)
 ***********
LaTeX2e <2023-11-01> patch level 1
L3 programming layer <2024-01-04>
 ***********
Package rerunfilecheck Info: File `main.out' has not changed.
(rerunfilecheck)             Checksum: 7E32690C3091E9DE9183026930C9BFC0;15784.
 ) 
Here is how much of TeX's memory you used:
 19753 strings out of 409617
 365320 string characters out of 5774013
 2153191 words of memory out of 5000000
 41533 multiletter control sequences out of 15000+600000
 559558 words of font info for 67 fonts, out of 8000000 for 9000
 1348 hyphenation exceptions out of 8191
 84i,16n,96p,832b,2173s stack positions out of 10000i,1000n,20000p,200000b,200000s

Output written on main.pdf (103 pages).
